-------------------------------------------------------------------------------
Test set: com.sg.guessthenumber.service.GTNServiceLayerImplTest
-------------------------------------------------------------------------------
Tests run: 10, Failures: 1, Errors: 0, Skipped: 0, Time elapsed: 3.02 s <<< FAILURE! - in com.sg.guessthenumber.service.GTNServiceLayerImplTest
testGuessResult(com.sg.guessthenumber.service.GTNServiceLayerImplTest)  Time elapsed: 0.007 s  <<< FAILURE!
org.junit.ComparisonFailure: expected:<e:[0]p:0> but was:<e:[3]p:0>
	at com.sg.guessthenumber.service.GTNServiceLayerImplTest.testGuessResult(GTNServiceLayerImplTest.java:171)

